<?xml version="1.0" encoding="utf-8"?>
<shfbBuild product="Sandcastle Help File Builder and Tools" version="2017.1.28.0" projectFile="C:\Users\frede\Documents\GitHub\StringTokenizer\Artifact\SHFBCFG.shfbproj" started="2/17/2017 2:55:59 PM">
<buildStep step="Initializing">
Finding tools...
The Sandcastle tools are located in &#39;C:\Program Files\EWSoftware\Sandcastle Help File Builder\&#39;
Locating components in the following folder(s):
    C:\Users\frede\Documents\GitHub\StringTokenizer\Artifact
    C:\ProgramData\EWSoftware\Sandcastle Help File Builder\Components and Plug-Ins\
    C:\Program Files\EWSoftware\Sandcastle Help File Builder\
Using framework reflection data for &#39;.NET Framework 4.0&#39; located in &#39;C:\Program Files\EWSoftware\Sandcastle Help File Builder\Data\.NETFramework&#39;
Using presentation style &#39;VS2015&#39; located in &#39;C:\ProgramData\EWSoftware\Sandcastle Help File Builder\Components and Plug-Ins\VS2015&#39;
Loading and initializing plug-ins...
Lightweight Website Style Version 2017.1.28.0
Copyright &#169; 2006-2017, Eric Woodruff, All Rights Reserved
Portions Copyright &#169; 2014, Sam Harwell, All Rights Reserved
-------------------------------
Clearing any prior web/markdown output...
</buildStep>
<buildStep step="ValidatingDocumentationSources">
Validating and copying documentation source information
Source: C:\Users\frede\Documents\GitHub\StringTokenizer\StringTokenizer\StringTokenizer.csproj
    Found project &#39;C:\Users\frede\Documents\GitHub\StringTokenizer\StringTokenizer\StringTokenizer.csproj&#39;

Parsing project files
    Found assembly &#39;C:\Users\frede\Documents\GitHub\StringTokenizer\StringTokenizer\bin\Release\StringTokenizer.dll&#39;

References to include (excluding framework assemblies):
    System.Net.Http

Copying XML comments files
    C:\Users\frede\Documents\GitHub\StringTokenizer\StringTokenizer\bin\Release\StringTokenizer.XML -&gt; C:\Users\frede\Documents\GitHub\StringTokenizer\Artifact\Help\Working\StringTokenizer.XML
</buildStep>
<buildStep step="GenerateSharedContent">
Generating shared content files (en-US, English (United States))...
<plugIn name="Lightweight Website Style" behavior="After" priority="1000">
</plugIn>    Last step completed in 00:00:00.0469
</buildStep>
<buildStep step="GenerateApiFilter">
Generating API filter for MRefBuilder...
    Last step completed in 00:00:00.0000
</buildStep>
<buildStep step="GenerateReflectionInfo">
Generating reflection information...
[C:\Windows\Microsoft.NET\Framework\v4.0.30319\MSBuild.exe - GenerateRefInfo.proj]
Build started 2/17/2017 2:56:01 PM.
Project &quot;C:\Users\frede\Documents\GitHub\StringTokenizer\Artifact\Help\Working\GenerateRefInfo.proj&quot; on node 1 (default targets).
PrepareForBuild:
  Creating directory &quot;obj\Debug\&quot;.
GenerateRefInfo:
  MRefBuilder (v2017.1.28.0)
  Copyright c 2006-2017, Microsoft Corporation, All Rights Reserved.
  Portions Copyright c 2006-2016, Eric Woodruff, All Rights Reserved.
  No source code context base path specified.  Source context information is unavailable.
  Loaded 1 assemblies for reflection and 2 dependency assemblies.
  Wrote information on 1 namespaces, 1 types, and 18 members
  Copying file from &quot;reflection.org&quot; to &quot;reflection.all&quot;.
  XslTransform (v2017.1.28.0)
  Copyright c 2006-2017, Microsoft Corporation, All Rights Reserved.
  Portions Copyright c 2006-2016, Eric Woodruff, All Rights Reserved.
  Applying XSL transformation &#39;C:\Program Files\EWSoftware\Sandcastle Help File Builder\ProductionTransforms\MergeDuplicates.xsl&#39;.
Done Building Project &quot;C:\Users\frede\Documents\GitHub\StringTokenizer\Artifact\Help\Working\GenerateRefInfo.proj&quot; (default targets).

Build succeeded.

Time Elapsed 00:00:02.59
    Last step completed in 00:00:03.0000
</buildStep>
<buildStep step="TransformReflectionInfo">
Transforming reflection output...
[C:\Windows\Microsoft.NET\Framework\v4.0.30319\MSBuild.exe - TransformManifest.proj]
Build started 2/17/2017 2:56:04 PM.
Project &quot;C:\Users\frede\Documents\GitHub\StringTokenizer\Artifact\Help\Working\TransformManifest.proj&quot; on node 1 (default targets).
TransformManifest:
  XslTransform (v2017.1.28.0)
  Copyright c 2006-2017, Microsoft Corporation, All Rights Reserved.
  Portions Copyright c 2006-2016, Eric Woodruff, All Rights Reserved.
  Applying XSL transformation &#39;C:\Program Files\EWSoftware\Sandcastle Help File Builder\\ProductionTransforms\ApplyVSDocModel.xsl&#39;.
  Copying file from &quot;reflection.xml&quot; to &quot;reflection.nofilenames&quot;.
  XslTransform (v2017.1.28.0)
  Copyright c 2006-2017, Microsoft Corporation, All Rights Reserved.
  Portions Copyright c 2006-2016, Eric Woodruff, All Rights Reserved.
  Applying XSL transformation &#39;C:\Program Files\EWSoftware\Sandcastle Help File Builder\ProductionTransforms\AddFilenames.xsl&#39;.
  XslTransform (v2017.1.28.0)
  Copyright c 2006-2017, Microsoft Corporation, All Rights Reserved.
  Portions Copyright c 2006-2016, Eric Woodruff, All Rights Reserved.
  Applying XSL transformation &#39;C:\Program Files\EWSoftware\Sandcastle Help File Builder\ProductionTransforms\ReflectionToManifest.xsl&#39;.
Done Building Project &quot;C:\Users\frede\Documents\GitHub\StringTokenizer\Artifact\Help\Working\TransformManifest.proj&quot; (default targets).

Build succeeded.

Time Elapsed 00:00:01.67
    Last step completed in 00:00:01.9688
</buildStep>
<buildStep step="GenerateNamespaceSummaries">
Generating namespace summary information...
    Last step completed in 00:00:00.0000
</buildStep>
<buildStep step="CopyAdditionalContent">
Copying additional content files...
No additional content to copy
    Last step completed in 00:00:00.0000
</buildStep>
<buildStep step="MergeTablesOfContents">
Merging conceptual and additional tables of contents...
    Last step completed in 00:00:00.0000
</buildStep>
<buildStep step="GenerateIntermediateTableOfContents">
Generating intermediate table of contents file...
[C:\Windows\Microsoft.NET\Framework\v4.0.30319\MSBuild.exe - GenerateIntermediateTOC.proj]
Build started 2/17/2017 2:56:06 PM.
Project &quot;C:\Users\frede\Documents\GitHub\StringTokenizer\Artifact\Help\Working\GenerateIntermediateTOC.proj&quot; on node 1 (default targets).
GenerateIntermediateTOC:
  XslTransform (v2017.1.28.0)
  Copyright c 2006-2017, Microsoft Corporation, All Rights Reserved.
  Portions Copyright c 2006-2016, Eric Woodruff, All Rights Reserved.
  Applying XSL transformation &#39;C:\Program Files\EWSoftware\Sandcastle Help File Builder\\ProductionTransforms\CreateVSToc.xsl&#39;.
Done Building Project &quot;C:\Users\frede\Documents\GitHub\StringTokenizer\Artifact\Help\Working\GenerateIntermediateTOC.proj&quot; (default targets).

Build succeeded.

Time Elapsed 00:00:00.29
Generating conceptual content intermediate TOC file...
    Last step completed in 00:00:00.6719
</buildStep>
<buildStep step="CreateBuildAssemblerConfigs">
Creating Sandcastle configuration files...
    sandcastle.config
    Last step completed in 00:00:00.4688
</buildStep>
<buildStep step="MergeCustomConfigs">
Merging custom build component configurations
C:\Users\frede\Documents\GitHub\StringTokenizer\Artifact\Help\Working\sandcastle.config
  Updating reference topic configurations.
  No conceptual content.  Removing conceptual content components.
    Last step completed in 00:00:00.0000
</buildStep>
<buildStep step="BuildTopics">
Building help topics...
[C:\Windows\Microsoft.NET\Framework\v4.0.30319\MSBuild.exe - BuildTopics.proj]
Build started 2/17/2017 2:56:07 PM.
Project &quot;C:\Users\frede\Documents\GitHub\StringTokenizer\Artifact\Help\Working\BuildTopics.proj&quot; on node 1 (default targets).
BuildTopics:
  BuildAssembler (v2017.1.28.0)
  Copyright c 2006-2017, Microsoft Corporation, All Rights Reserved.
  Portions Copyright c 2006-2016, Eric Woodruff, All Rights Reserved.
  Loading configuration...
  Processing topics...
  Processed 24 topic(s)
  CopyFromIndexComponent: &quot;reflection&quot; in-memory cache entries used: 4 of 15.
  CopyFromIndexComponent: &quot;comments&quot; in-memory cache entries used: 2 of 30.
Done Building Project &quot;C:\Users\frede\Documents\GitHub\StringTokenizer\Artifact\Help\Working\BuildTopics.proj&quot; (default targets).

Build succeeded.

Time Elapsed 00:00:26.67
    Last step completed in 00:00:27.0456
</buildStep>
<buildStep step="CombiningIntermediateTocFiles">
Combining conceptual and API intermediate TOC files...
    Last step completed in 00:00:00.0156
</buildStep>
<buildStep step="ExtractingHtmlInfo">
Extracting HTML info for HTML Help 1 and/or website...
[C:\Windows\Microsoft.NET\Framework\v4.0.30319\MSBuild.exe - ExtractHtmlInfo.proj]
Sandcastle Help File Builder and Tools, version 2017.1.28.0
Copyright c 2006-2017, Eric Woodruff, All Rights Reserved
E-Mail: Eric@EWoodruff.us

Using LCID &#39;1033&#39;, code page &#39;65001&#39;, encoding charset &#39;UTF-8&#39;.

Processing website files in C:\Users\frede\Documents\GitHub\StringTokenizer\Artifact\Help\Working\Output\Website
Processed 24 HTML files
Sorting keywords and generating See Also indices
Saving website keyword index to C:\Users\frede\Documents\GitHub\StringTokenizer\Artifact\Help\Working\WebKI.xml
Saving website table of contents to C:\Users\frede\Documents\GitHub\StringTokenizer\Artifact\Help\Working\WebTOC.xml
    Last step completed in 00:00:01.6250
</buildStep>
<buildStep step="CopyStandardHelpContent">
Copying standard help content...
C:\ProgramData\EWSoftware\Sandcastle Help File Builder\Components and Plug-Ins\VS2015\icons\AlertCaution.png -&gt; C:\Users\frede\Documents\GitHub\StringTokenizer\Artifact\Help\Working\Output\Website\icons\AlertCaution.png
C:\ProgramData\EWSoftware\Sandcastle Help File Builder\Components and Plug-Ins\VS2015\icons\AlertNote.png -&gt; C:\Users\frede\Documents\GitHub\StringTokenizer\Artifact\Help\Working\Output\Website\icons\AlertNote.png
C:\ProgramData\EWSoftware\Sandcastle Help File Builder\Components and Plug-Ins\VS2015\icons\AlertSecurity.png -&gt; C:\Users\frede\Documents\GitHub\StringTokenizer\Artifact\Help\Working\Output\Website\icons\AlertSecurity.png
C:\ProgramData\EWSoftware\Sandcastle Help File Builder\Components and Plug-Ins\VS2015\icons\CFW.gif -&gt; C:\Users\frede\Documents\GitHub\StringTokenizer\Artifact\Help\Working\Output\Website\icons\CFW.gif
C:\ProgramData\EWSoftware\Sandcastle Help File Builder\Components and Plug-Ins\VS2015\icons\CodeExample.gif -&gt; C:\Users\frede\Documents\GitHub\StringTokenizer\Artifact\Help\Working\Output\Website\icons\CodeExample.gif
C:\ProgramData\EWSoftware\Sandcastle Help File Builder\Components and Plug-Ins\VS2015\icons\favicon.ico -&gt; C:\Users\frede\Documents\GitHub\StringTokenizer\Artifact\Help\Working\Output\Website\icons\favicon.ico
C:\ProgramData\EWSoftware\Sandcastle Help File Builder\Components and Plug-Ins\VS2015\icons\privclass.gif -&gt; C:\Users\frede\Documents\GitHub\StringTokenizer\Artifact\Help\Working\Output\Website\icons\privclass.gif
C:\ProgramData\EWSoftware\Sandcastle Help File Builder\Components and Plug-Ins\VS2015\icons\privdelegate.gif -&gt; C:\Users\frede\Documents\GitHub\StringTokenizer\Artifact\Help\Working\Output\Website\icons\privdelegate.gif
C:\ProgramData\EWSoftware\Sandcastle Help File Builder\Components and Plug-Ins\VS2015\icons\privenumeration.gif -&gt; C:\Users\frede\Documents\GitHub\StringTokenizer\Artifact\Help\Working\Output\Website\icons\privenumeration.gif
C:\ProgramData\EWSoftware\Sandcastle Help File Builder\Components and Plug-Ins\VS2015\icons\privevent.gif -&gt; C:\Users\frede\Documents\GitHub\StringTokenizer\Artifact\Help\Working\Output\Website\icons\privevent.gif
C:\ProgramData\EWSoftware\Sandcastle Help File Builder\Components and Plug-Ins\VS2015\icons\privextension.gif -&gt; C:\Users\frede\Documents\GitHub\StringTokenizer\Artifact\Help\Working\Output\Website\icons\privextension.gif
C:\ProgramData\EWSoftware\Sandcastle Help File Builder\Components and Plug-Ins\VS2015\icons\privfield.gif -&gt; C:\Users\frede\Documents\GitHub\StringTokenizer\Artifact\Help\Working\Output\Website\icons\privfield.gif
C:\ProgramData\EWSoftware\Sandcastle Help File Builder\Components and Plug-Ins\VS2015\icons\privinterface.gif -&gt; C:\Users\frede\Documents\GitHub\StringTokenizer\Artifact\Help\Working\Output\Website\icons\privinterface.gif
C:\ProgramData\EWSoftware\Sandcastle Help File Builder\Components and Plug-Ins\VS2015\icons\privmethod.gif -&gt; C:\Users\frede\Documents\GitHub\StringTokenizer\Artifact\Help\Working\Output\Website\icons\privmethod.gif
C:\ProgramData\EWSoftware\Sandcastle Help File Builder\Components and Plug-Ins\VS2015\icons\privproperty.gif -&gt; C:\Users\frede\Documents\GitHub\StringTokenizer\Artifact\Help\Working\Output\Website\icons\privproperty.gif
C:\ProgramData\EWSoftware\Sandcastle Help File Builder\Components and Plug-Ins\VS2015\icons\privstructure.gif -&gt; C:\Users\frede\Documents\GitHub\StringTokenizer\Artifact\Help\Working\Output\Website\icons\privstructure.gif
C:\ProgramData\EWSoftware\Sandcastle Help File Builder\Components and Plug-Ins\VS2015\icons\protclass.gif -&gt; C:\Users\frede\Documents\GitHub\StringTokenizer\Artifact\Help\Working\Output\Website\icons\protclass.gif
C:\ProgramData\EWSoftware\Sandcastle Help File Builder\Components and Plug-Ins\VS2015\icons\protdelegate.gif -&gt; C:\Users\frede\Documents\GitHub\StringTokenizer\Artifact\Help\Working\Output\Website\icons\protdelegate.gif
C:\ProgramData\EWSoftware\Sandcastle Help File Builder\Components and Plug-Ins\VS2015\icons\protenumeration.gif -&gt; C:\Users\frede\Documents\GitHub\StringTokenizer\Artifact\Help\Working\Output\Website\icons\protenumeration.gif
C:\ProgramData\EWSoftware\Sandcastle Help File Builder\Components and Plug-Ins\VS2015\icons\protevent.gif -&gt; C:\Users\frede\Documents\GitHub\StringTokenizer\Artifact\Help\Working\Output\Website\icons\protevent.gif
C:\ProgramData\EWSoftware\Sandcastle Help File Builder\Components and Plug-Ins\VS2015\icons\protextension.gif -&gt; C:\Users\frede\Documents\GitHub\StringTokenizer\Artifact\Help\Working\Output\Website\icons\protextension.gif
C:\ProgramData\EWSoftware\Sandcastle Help File Builder\Components and Plug-Ins\VS2015\icons\protfield.gif -&gt; C:\Users\frede\Documents\GitHub\StringTokenizer\Artifact\Help\Working\Output\Website\icons\protfield.gif
C:\ProgramData\EWSoftware\Sandcastle Help File Builder\Components and Plug-Ins\VS2015\icons\protinterface.gif -&gt; C:\Users\frede\Documents\GitHub\StringTokenizer\Artifact\Help\Working\Output\Website\icons\protinterface.gif
C:\ProgramData\EWSoftware\Sandcastle Help File Builder\Components and Plug-Ins\VS2015\icons\protmethod.gif -&gt; C:\Users\frede\Documents\GitHub\StringTokenizer\Artifact\Help\Working\Output\Website\icons\protmethod.gif
C:\ProgramData\EWSoftware\Sandcastle Help File Builder\Components and Plug-Ins\VS2015\icons\protoperator.gif -&gt; C:\Users\frede\Documents\GitHub\StringTokenizer\Artifact\Help\Working\Output\Website\icons\protoperator.gif
C:\ProgramData\EWSoftware\Sandcastle Help File Builder\Components and Plug-Ins\VS2015\icons\protproperty.gif -&gt; C:\Users\frede\Documents\GitHub\StringTokenizer\Artifact\Help\Working\Output\Website\icons\protproperty.gif
C:\ProgramData\EWSoftware\Sandcastle Help File Builder\Components and Plug-Ins\VS2015\icons\protstructure.gif -&gt; C:\Users\frede\Documents\GitHub\StringTokenizer\Artifact\Help\Working\Output\Website\icons\protstructure.gif
C:\ProgramData\EWSoftware\Sandcastle Help File Builder\Components and Plug-Ins\VS2015\icons\pubclass.gif -&gt; C:\Users\frede\Documents\GitHub\StringTokenizer\Artifact\Help\Working\Output\Website\icons\pubclass.gif
C:\ProgramData\EWSoftware\Sandcastle Help File Builder\Components and Plug-Ins\VS2015\icons\pubdelegate.gif -&gt; C:\Users\frede\Documents\GitHub\StringTokenizer\Artifact\Help\Working\Output\Website\icons\pubdelegate.gif
C:\ProgramData\EWSoftware\Sandcastle Help File Builder\Components and Plug-Ins\VS2015\icons\pubenumeration.gif -&gt; C:\Users\frede\Documents\GitHub\StringTokenizer\Artifact\Help\Working\Output\Website\icons\pubenumeration.gif
C:\ProgramData\EWSoftware\Sandcastle Help File Builder\Components and Plug-Ins\VS2015\icons\pubevent.gif -&gt; C:\Users\frede\Documents\GitHub\StringTokenizer\Artifact\Help\Working\Output\Website\icons\pubevent.gif
C:\ProgramData\EWSoftware\Sandcastle Help File Builder\Components and Plug-Ins\VS2015\icons\pubextension.gif -&gt; C:\Users\frede\Documents\GitHub\StringTokenizer\Artifact\Help\Working\Output\Website\icons\pubextension.gif
C:\ProgramData\EWSoftware\Sandcastle Help File Builder\Components and Plug-Ins\VS2015\icons\pubfield.gif -&gt; C:\Users\frede\Documents\GitHub\StringTokenizer\Artifact\Help\Working\Output\Website\icons\pubfield.gif
C:\ProgramData\EWSoftware\Sandcastle Help File Builder\Components and Plug-Ins\VS2015\icons\pubinterface.gif -&gt; C:\Users\frede\Documents\GitHub\StringTokenizer\Artifact\Help\Working\Output\Website\icons\pubinterface.gif
C:\ProgramData\EWSoftware\Sandcastle Help File Builder\Components and Plug-Ins\VS2015\icons\pubmethod.gif -&gt; C:\Users\frede\Documents\GitHub\StringTokenizer\Artifact\Help\Working\Output\Website\icons\pubmethod.gif
C:\ProgramData\EWSoftware\Sandcastle Help File Builder\Components and Plug-Ins\VS2015\icons\puboperator.gif -&gt; C:\Users\frede\Documents\GitHub\StringTokenizer\Artifact\Help\Working\Output\Website\icons\puboperator.gif
C:\ProgramData\EWSoftware\Sandcastle Help File Builder\Components and Plug-Ins\VS2015\icons\pubproperty.gif -&gt; C:\Users\frede\Documents\GitHub\StringTokenizer\Artifact\Help\Working\Output\Website\icons\pubproperty.gif
C:\ProgramData\EWSoftware\Sandcastle Help File Builder\Components and Plug-Ins\VS2015\icons\pubstructure.gif -&gt; C:\Users\frede\Documents\GitHub\StringTokenizer\Artifact\Help\Working\Output\Website\icons\pubstructure.gif
C:\ProgramData\EWSoftware\Sandcastle Help File Builder\Components and Plug-Ins\VS2015\icons\SectionCollapsed.png -&gt; C:\Users\frede\Documents\GitHub\StringTokenizer\Artifact\Help\Working\Output\Website\icons\SectionCollapsed.png
C:\ProgramData\EWSoftware\Sandcastle Help File Builder\Components and Plug-Ins\VS2015\icons\SectionExpanded.png -&gt; C:\Users\frede\Documents\GitHub\StringTokenizer\Artifact\Help\Working\Output\Website\icons\SectionExpanded.png
C:\ProgramData\EWSoftware\Sandcastle Help File Builder\Components and Plug-Ins\VS2015\icons\slMobile.gif -&gt; C:\Users\frede\Documents\GitHub\StringTokenizer\Artifact\Help\Working\Output\Website\icons\slMobile.gif
C:\ProgramData\EWSoftware\Sandcastle Help File Builder\Components and Plug-Ins\VS2015\icons\static.gif -&gt; C:\Users\frede\Documents\GitHub\StringTokenizer\Artifact\Help\Working\Output\Website\icons\static.gif
C:\ProgramData\EWSoftware\Sandcastle Help File Builder\Components and Plug-Ins\VS2015\icons\xna.gif -&gt; C:\Users\frede\Documents\GitHub\StringTokenizer\Artifact\Help\Working\Output\Website\icons\xna.gif
C:\ProgramData\EWSoftware\Sandcastle Help File Builder\Components and Plug-Ins\VS2015\scripts\branding.js -&gt; C:\Users\frede\Documents\GitHub\StringTokenizer\Artifact\Help\Working\Output\Website\scripts\branding.js
C:\ProgramData\EWSoftware\Sandcastle Help File Builder\Components and Plug-Ins\VS2015\styles\branding-cs-CZ.css -&gt; C:\Users\frede\Documents\GitHub\StringTokenizer\Artifact\Help\Working\Output\Website\styles\branding-cs-CZ.css
C:\ProgramData\EWSoftware\Sandcastle Help File Builder\Components and Plug-Ins\VS2015\styles\branding-de-DE.css -&gt; C:\Users\frede\Documents\GitHub\StringTokenizer\Artifact\Help\Working\Output\Website\styles\branding-de-DE.css
C:\ProgramData\EWSoftware\Sandcastle Help File Builder\Components and Plug-Ins\VS2015\styles\branding-en-US.css -&gt; C:\Users\frede\Documents\GitHub\StringTokenizer\Artifact\Help\Working\Output\Website\styles\branding-en-US.css
C:\ProgramData\EWSoftware\Sandcastle Help File Builder\Components and Plug-Ins\VS2015\styles\branding-es-ES.css -&gt; C:\Users\frede\Documents\GitHub\StringTokenizer\Artifact\Help\Working\Output\Website\styles\branding-es-ES.css
C:\ProgramData\EWSoftware\Sandcastle Help File Builder\Components and Plug-Ins\VS2015\styles\branding-fr-FR.css -&gt; C:\Users\frede\Documents\GitHub\StringTokenizer\Artifact\Help\Working\Output\Website\styles\branding-fr-FR.css
C:\ProgramData\EWSoftware\Sandcastle Help File Builder\Components and Plug-Ins\VS2015\styles\branding-Help1.css -&gt; C:\Users\frede\Documents\GitHub\StringTokenizer\Artifact\Help\Working\Output\Website\styles\branding-Help1.css
C:\ProgramData\EWSoftware\Sandcastle Help File Builder\Components and Plug-Ins\VS2015\styles\branding-HelpViewer.css -&gt; C:\Users\frede\Documents\GitHub\StringTokenizer\Artifact\Help\Working\Output\Website\styles\branding-HelpViewer.css
C:\ProgramData\EWSoftware\Sandcastle Help File Builder\Components and Plug-Ins\VS2015\styles\branding-it-IT.css -&gt; C:\Users\frede\Documents\GitHub\StringTokenizer\Artifact\Help\Working\Output\Website\styles\branding-it-IT.css
C:\ProgramData\EWSoftware\Sandcastle Help File Builder\Components and Plug-Ins\VS2015\styles\branding-ja-JP.css -&gt; C:\Users\frede\Documents\GitHub\StringTokenizer\Artifact\Help\Working\Output\Website\styles\branding-ja-JP.css
C:\ProgramData\EWSoftware\Sandcastle Help File Builder\Components and Plug-Ins\VS2015\styles\branding-ko-KR.css -&gt; C:\Users\frede\Documents\GitHub\StringTokenizer\Artifact\Help\Working\Output\Website\styles\branding-ko-KR.css
C:\ProgramData\EWSoftware\Sandcastle Help File Builder\Components and Plug-Ins\VS2015\styles\branding-pl-PL.css -&gt; C:\Users\frede\Documents\GitHub\StringTokenizer\Artifact\Help\Working\Output\Website\styles\branding-pl-PL.css
C:\ProgramData\EWSoftware\Sandcastle Help File Builder\Components and Plug-Ins\VS2015\styles\branding-pt-BR.css -&gt; C:\Users\frede\Documents\GitHub\StringTokenizer\Artifact\Help\Working\Output\Website\styles\branding-pt-BR.css
C:\ProgramData\EWSoftware\Sandcastle Help File Builder\Components and Plug-Ins\VS2015\styles\branding-ru-RU.css -&gt; C:\Users\frede\Documents\GitHub\StringTokenizer\Artifact\Help\Working\Output\Website\styles\branding-ru-RU.css
C:\ProgramData\EWSoftware\Sandcastle Help File Builder\Components and Plug-Ins\VS2015\styles\branding-tr-TR.css -&gt; C:\Users\frede\Documents\GitHub\StringTokenizer\Artifact\Help\Working\Output\Website\styles\branding-tr-TR.css
C:\ProgramData\EWSoftware\Sandcastle Help File Builder\Components and Plug-Ins\VS2015\styles\branding-Website.css -&gt; C:\Users\frede\Documents\GitHub\StringTokenizer\Artifact\Help\Working\Output\Website\styles\branding-Website.css
C:\ProgramData\EWSoftware\Sandcastle Help File Builder\Components and Plug-Ins\VS2015\styles\branding-zh-CN.css -&gt; C:\Users\frede\Documents\GitHub\StringTokenizer\Artifact\Help\Working\Output\Website\styles\branding-zh-CN.css
C:\ProgramData\EWSoftware\Sandcastle Help File Builder\Components and Plug-Ins\VS2015\styles\branding-zh-TW.css -&gt; C:\Users\frede\Documents\GitHub\StringTokenizer\Artifact\Help\Working\Output\Website\styles\branding-zh-TW.css
C:\ProgramData\EWSoftware\Sandcastle Help File Builder\Components and Plug-Ins\VS2015\styles\branding.css -&gt; C:\Users\frede\Documents\GitHub\StringTokenizer\Artifact\Help\Working\Output\Website\styles\branding.css
C:\ProgramData\EWSoftware\Sandcastle Help File Builder\Components and Plug-Ins\VS2015\Web\index.html -&gt; C:\Users\frede\Documents\GitHub\StringTokenizer\Artifact\Help\Working\Output\Website\index.html
C:\ProgramData\EWSoftware\Sandcastle Help File Builder\Components and Plug-Ins\VS2015\Web\search.html -&gt; C:\Users\frede\Documents\GitHub\StringTokenizer\Artifact\Help\Working\Output\Website\search.html
C:\ProgramData\EWSoftware\Sandcastle Help File Builder\Components and Plug-Ins\VS2015\Web\SearchHelp.aspx -&gt; C:\Users\frede\Documents\GitHub\StringTokenizer\Artifact\Help\Working\Output\Website\SearchHelp.aspx
C:\ProgramData\EWSoftware\Sandcastle Help File Builder\Components and Plug-Ins\VS2015\Web\SearchHelp.inc.php -&gt; C:\Users\frede\Documents\GitHub\StringTokenizer\Artifact\Help\Working\Output\Website\SearchHelp.inc.php
C:\ProgramData\EWSoftware\Sandcastle Help File Builder\Components and Plug-Ins\VS2015\Web\SearchHelp.php -&gt; C:\Users\frede\Documents\GitHub\StringTokenizer\Artifact\Help\Working\Output\Website\SearchHelp.php
C:\ProgramData\EWSoftware\Sandcastle Help File Builder\Components and Plug-Ins\VS2015\Web\icons\Search.png -&gt; C:\Users\frede\Documents\GitHub\StringTokenizer\Artifact\Help\Working\Output\Website\icons\Search.png
C:\ProgramData\EWSoftware\Sandcastle Help File Builder\Components and Plug-Ins\VS2015\Web\icons\TocClose.gif -&gt; C:\Users\frede\Documents\GitHub\StringTokenizer\Artifact\Help\Working\Output\Website\icons\TocClose.gif
C:\ProgramData\EWSoftware\Sandcastle Help File Builder\Components and Plug-Ins\VS2015\Web\icons\TocCollapsed.gif -&gt; C:\Users\frede\Documents\GitHub\StringTokenizer\Artifact\Help\Working\Output\Website\icons\TocCollapsed.gif
C:\ProgramData\EWSoftware\Sandcastle Help File Builder\Components and Plug-Ins\VS2015\Web\icons\TocExpanded.gif -&gt; C:\Users\frede\Documents\GitHub\StringTokenizer\Artifact\Help\Working\Output\Website\icons\TocExpanded.gif
C:\ProgramData\EWSoftware\Sandcastle Help File Builder\Components and Plug-Ins\VS2015\Web\icons\TocOpen.gif -&gt; C:\Users\frede\Documents\GitHub\StringTokenizer\Artifact\Help\Working\Output\Website\icons\TocOpen.gif
C:\ProgramData\EWSoftware\Sandcastle Help File Builder\Components and Plug-Ins\VS2015\Web\scripts\branding-Website.js -&gt; C:\Users\frede\Documents\GitHub\StringTokenizer\Artifact\Help\Working\Output\Website\scripts\branding-Website.js
C:\ProgramData\EWSoftware\Sandcastle Help File Builder\Components and Plug-Ins\VS2015\Web\scripts\jquery-1.11.0.min.js -&gt; C:\Users\frede\Documents\GitHub\StringTokenizer\Artifact\Help\Working\Output\Website\scripts\jquery-1.11.0.min.js
    Last step completed in 00:00:01.3594
</buildStep>
<buildStep step="GenerateHelpFormatTableOfContents">
Generating website table of contents file...
    Last step completed in 00:00:00.0000
</buildStep>
<buildStep step="GenerateFullTextIndex">
Generating full-text index for the website...

<plugIn name="Lightweight Website Style" behavior="After" priority="1000">
Adding lightweight search and TOC elements to each topic...
</plugIn>    Last step completed in 00:00:00.1562
</buildStep>
<buildStep step="CopyingWebsiteFiles">
Copying website files to output folder...

Copied 127 files for the website content
    Last step completed in 00:00:00.4219
</buildStep>
<buildStep step="CleanIntermediates">
Removing intermediate files...
    Last step completed in 00:00:00.0625
</buildStep>
<buildStep step="Completed">

Build completed successfully at 2/17/2017 2:56:37 PM.  Total time: 00:00:38.4206

</buildStep>
</shfbBuild>
